C51 COMPILER V9.59.0.0   USART                                                             05/21/2021 11:49:56 PAGE 1   


C51 COMPILER V9.59.0.0, COMPILATION OF MODULE USART
OBJECT MODULE PLACED IN ..\obj\usart.obj
COMPILER INVOKED BY: D:\Keil_v5\C51\BIN\C51.EXE ..\user\usart.c OPTIMIZE(8,SPEED) BROWSE INCDIR(..\code;..\user) DEBUG O
                    -BJECTEXTEND PRINT(.\usart.lst) TABS(2) OBJECT(..\obj\usart.obj)

line level    source

   1          
   2          #include "config.h"
   3          uint32_t baud = 9600; //UART baudrate
   4          
   5          uint8_t RX_BUF[50];
   6          uint8_t NUM_1 = 0;
   7          /************************************************************************
   8          函 数 名： 串口初始化
   9          功能描述： STC10L08XE 单片机串口初始化函数
  10          返回函数： none
  11          其他说明： none
  12          **************************************************************************/
  13          void UartInit(void)
  14          {
  15   1        SCON = 0x50;              //8-bit variable UART
  16   1        TMOD |= 0x20;             //Set Timer1 as 8-bit auto reload mode
  17   1        TH1 = TL1 = -(FOSC / 12 / 32 / baud); //Set auto-reload vaule
  18   1        TR1 = 1;                //Timer1 start run
  19   1        ES = 1;                 //Enable UART interrupt
  20   1        EA = 1;                 //Open master interrupt switch
  21   1      }
  22          /************************************************************************
  23          功能描述：  串口发送一字节数据
  24          入口参数：  DAT:带发送的数据
  25          返 回 值：  none
  26          其他说明：  none
  27          **************************************************************************/
  28          void UARTSendByte(uint8_t DAT)
  29          {
  30   1        ES = 0;
  31   1        TI = 0;
  32   1        SBUF = DAT;
  33   1        while (TI == 0)
  34   1          ;
  35   1        TI = 0;
  36   1        ES = 1;
  37   1      }
  38          /************************************************************************
  39          功能描述： 串口发送字符串数据
  40          入口参数：  *DAT：字符串指针
  41          返 回 值： none
  42          其他说明： API 供外部使用，直观！
  43          **************************************************************************/
  44          void UARTSendStr(uint8_t *DAT)
  45          {
  46   1        while (*DAT)
  47   1        {
  48   2          UARTSendByte(*DAT++);
  49   2        }
  50   1      }
  51          
  52          void Uart_Isr() interrupt 4 using 1
  53          {
  54   1        if (RI)
C51 COMPILER V9.59.0.0   USART                                                             05/21/2021 11:49:56 PAGE 2   

  55   1        {
  56   2          RI = 0;
  57   2          RX_BUF[NUM_1] = SBUF;
  58   2          NUM_1++;
  59   2          if (NUM_1 >= 49)
  60   2            NUM_1 = 0;
  61   2        }
  62   1      }


MODULE INFORMATION:   STATIC OVERLAYABLE
   CODE SIZE        =    130    ----
   CONSTANT SIZE    =   ----    ----
   XDATA SIZE       =   ----    ----
   PDATA SIZE       =   ----    ----
   DATA SIZE        =     53       3
   IDATA SIZE       =   ----    ----
   BIT SIZE         =   ----    ----
END OF MODULE INFORMATION.


C51 COMPILATION COMPLETE.  0 WARNING(S),  0 ERROR(S)
